<?xml version="1.0" encoding="UTF-8"?>
<testsuite xmlns:xsi="http://www.w3.org/2001/XMLSchema-instance" xsi:noNamespaceSchemaLocation="https://maven.apache.org/surefire/maven-surefire-plugin/xsd/surefire-test-report-3.0.xsd" version="3.0" name="TestSuite" time="7.446" tests="1" errors="0" skipped="0" failures="1">
  <properties>
[...]
</properties>
  <testcase name="runScenario[&quot;&quot;, &quot;Getting forecast for cities&quot;](1)" classname="runner.CucumberRunnerTests" time="3.392">
    <failure message="data[0].avatar&#10;Expected: hhttps://reqres.in/img/faces/7-image.jpg&#10;     got: https://reqres.in/img/faces/7-image.jpg&#10;" type="java.lang.AssertionError"><![CDATA[java.lang.AssertionError: 
data[0].avatar
Expected: hhttps://reqres.in/img/faces/7-image.jpg
     got: https://reqres.in/img/faces/7-image.jpg

	at org.skyscreamer.jsonassert.JSONAssert.assertEquals(JSONAssert.java:417)
	at org.skyscreamer.jsonassert.JSONAssert.assertEquals(JSONAssert.java:394)
	at definitions.StepDefinitions.positiveTest(StepDefinitions.java:28)
	at ✽.I get forecast(file:///C:/Users/lexey/IdeaProjects/Bolshakov_Task2/src/test/resources/features/PositiveTest.feature:4)
]]></failure>
  </testcase>
</testsuite>